Analysis & Synthesis report for exp9
Tue Nov 17 19:39:38 2020
Quartus Prime Version 17.1.0 Build 590 10/25/2017 SJ Lite Edition


---------------------
; Table of Contents ;
---------------------
  1. Legal Notice
  2. Analysis & Synthesis Summary
  3. Analysis & Synthesis Settings
  4. Parallel Compilation
  5. Analysis & Synthesis Source Files Read
  6. Analysis & Synthesis Resource Usage Summary
  7. Analysis & Synthesis Resource Utilization by Entity
  8. General Register Statistics
  9. Multiplexer Restructuring Statistics (Restructuring Performed)
 10. Parameter Settings for User Entity Instance: stripe:s|clkgen:my_vgaclk
 11. Parameter Settings for User Entity Instance: stripe:s|vga_ctrl:v
 12. Port Connectivity Checks: "stripe:s|vga_ctrl:v"
 13. Port Connectivity Checks: "stripe:s|clkgen:my_vgaclk"
 14. Port Connectivity Checks: "stripe:s"
 15. Post-Synthesis Netlist Statistics for Top Partition
 16. Elapsed Time Per Partition
 17. Analysis & Synthesis Messages



----------------
; Legal Notice ;
----------------
Copyright (C) 2017  Intel Corporation. All rights reserved.
Your use of Intel Corporation's design tools, logic functions 
and other software and tools, and its AMPP partner logic 
functions, and any output files from any of the foregoing 
(including device programming or simulation files), and any 
associated documentation or information are expressly subject 
to the terms and conditions of the Intel Program License 
Subscription Agreement, the Intel Quartus Prime License Agreement,
the Intel FPGA IP License Agreement, or other applicable license
agreement, including, without limitation, that your use is for
the sole purpose of programming logic devices manufactured by
Intel and sold by Intel or its authorized distributors.  Please
refer to the applicable agreement for further details.



+-------------------------------------------------------------------------------+
; Analysis & Synthesis Summary                                                  ;
+---------------------------------+---------------------------------------------+
; Analysis & Synthesis Status     ; Successful - Tue Nov 17 19:39:38 2020       ;
; Quartus Prime Version           ; 17.1.0 Build 590 10/25/2017 SJ Lite Edition ;
; Revision Name                   ; exp9                                        ;
; Top-level Entity Name           ; exp9                                        ;
; Family                          ; Cyclone V                                   ;
; Logic utilization (in ALMs)     ; N/A                                         ;
; Total registers                 ; 77                                          ;
; Total pins                      ; 99                                          ;
; Total virtual pins              ; 0                                           ;
; Total block memory bits         ; 0                                           ;
; Total DSP Blocks                ; 0                                           ;
; Total HSSI RX PCSs              ; 0                                           ;
; Total HSSI PMA RX Deserializers ; 0                                           ;
; Total HSSI TX PCSs              ; 0                                           ;
; Total HSSI PMA TX Serializers   ; 0                                           ;
; Total PLLs                      ; 0                                           ;
; Total DLLs                      ; 0                                           ;
+---------------------------------+---------------------------------------------+


+---------------------------------------------------------------------------------------------------------------------------+
; Analysis & Synthesis Settings                                                                                             ;
+---------------------------------------------------------------------------------+--------------------+--------------------+
; Option                                                                          ; Setting            ; Default Value      ;
+---------------------------------------------------------------------------------+--------------------+--------------------+
; Device                                                                          ; 5CSXFC6D6F31C6     ;                    ;
; Top-level entity name                                                           ; exp9               ; exp9               ;
; Family name                                                                     ; Cyclone V          ; Cyclone V          ;
; Use smart compilation                                                           ; Off                ; Off                ;
; Enable parallel Assembler and TimeQuest Timing Analyzer during compilation      ; On                 ; On                 ;
; Enable compact report table                                                     ; Off                ; Off                ;
; Restructure Multiplexers                                                        ; Auto               ; Auto               ;
; MLAB Add Timing Constraints For Mixed-Port Feed-Through Mode Setting Don't Care ; Off                ; Off                ;
; Create Debugging Nodes for IP Cores                                             ; Off                ; Off                ;
; Preserve fewer node names                                                       ; On                 ; On                 ;
; Intel FPGA IP Evaluation Mode                                                   ; Enable             ; Enable             ;
; Verilog Version                                                                 ; Verilog_2001       ; Verilog_2001       ;
; VHDL Version                                                                    ; VHDL_1993          ; VHDL_1993          ;
; State Machine Processing                                                        ; Auto               ; Auto               ;
; Safe State Machine                                                              ; Off                ; Off                ;
; Extract Verilog State Machines                                                  ; On                 ; On                 ;
; Extract VHDL State Machines                                                     ; On                 ; On                 ;
; Ignore Verilog initial constructs                                               ; Off                ; Off                ;
; Iteration limit for constant Verilog loops                                      ; 5000               ; 5000               ;
; Iteration limit for non-constant Verilog loops                                  ; 250                ; 250                ;
; Add Pass-Through Logic to Inferred RAMs                                         ; On                 ; On                 ;
; Infer RAMs from Raw Logic                                                       ; On                 ; On                 ;
; Parallel Synthesis                                                              ; On                 ; On                 ;
; DSP Block Balancing                                                             ; Auto               ; Auto               ;
; NOT Gate Push-Back                                                              ; On                 ; On                 ;
; Power-Up Don't Care                                                             ; On                 ; On                 ;
; Remove Redundant Logic Cells                                                    ; Off                ; Off                ;
; Remove Duplicate Registers                                                      ; On                 ; On                 ;
; Ignore CARRY Buffers                                                            ; Off                ; Off                ;
; Ignore CASCADE Buffers                                                          ; Off                ; Off                ;
; Ignore GLOBAL Buffers                                                           ; Off                ; Off                ;
; Ignore ROW GLOBAL Buffers                                                       ; Off                ; Off                ;
; Ignore LCELL Buffers                                                            ; Off                ; Off                ;
; Ignore SOFT Buffers                                                             ; On                 ; On                 ;
; Limit AHDL Integers to 32 Bits                                                  ; Off                ; Off                ;
; Optimization Technique                                                          ; Balanced           ; Balanced           ;
; Carry Chain Length                                                              ; 70                 ; 70                 ;
; Auto Carry Chains                                                               ; On                 ; On                 ;
; Auto Open-Drain Pins                                                            ; On                 ; On                 ;
; Perform WYSIWYG Primitive Resynthesis                                           ; Off                ; Off                ;
; Auto ROM Replacement                                                            ; On                 ; On                 ;
; Auto RAM Replacement                                                            ; On                 ; On                 ;
; Auto DSP Block Replacement                                                      ; On                 ; On                 ;
; Auto Shift Register Replacement                                                 ; Auto               ; Auto               ;
; Allow Shift Register Merging across Hierarchies                                 ; Auto               ; Auto               ;
; Auto Clock Enable Replacement                                                   ; On                 ; On                 ;
; Strict RAM Replacement                                                          ; Off                ; Off                ;
; Allow Synchronous Control Signals                                               ; On                 ; On                 ;
; Force Use of Synchronous Clear Signals                                          ; Off                ; Off                ;
; Auto Resource Sharing                                                           ; Off                ; Off                ;
; Allow Any RAM Size For Recognition                                              ; Off                ; Off                ;
; Allow Any ROM Size For Recognition                                              ; Off                ; Off                ;
; Allow Any Shift Register Size For Recognition                                   ; Off                ; Off                ;
; Use LogicLock Constraints during Resource Balancing                             ; On                 ; On                 ;
; Ignore translate_off and synthesis_off directives                               ; Off                ; Off                ;
; Timing-Driven Synthesis                                                         ; On                 ; On                 ;
; Report Parameter Settings                                                       ; On                 ; On                 ;
; Report Source Assignments                                                       ; On                 ; On                 ;
; Report Connectivity Checks                                                      ; On                 ; On                 ;
; Ignore Maximum Fan-Out Assignments                                              ; Off                ; Off                ;
; Synchronization Register Chain Length                                           ; 3                  ; 3                  ;
; Power Optimization During Synthesis                                             ; Normal compilation ; Normal compilation ;
; HDL message level                                                               ; Level2             ; Level2             ;
; Suppress Register Optimization Related Messages                                 ; Off                ; Off                ;
; Number of Removed Registers Reported in Synthesis Report                        ; 5000               ; 5000               ;
; Number of Swept Nodes Reported in Synthesis Report                              ; 5000               ; 5000               ;
; Number of Inverted Registers Reported in Synthesis Report                       ; 100                ; 100                ;
; Clock MUX Protection                                                            ; On                 ; On                 ;
; Auto Gated Clock Conversion                                                     ; Off                ; Off                ;
; Block Design Naming                                                             ; Auto               ; Auto               ;
; SDC constraint protection                                                       ; Off                ; Off                ;
; Synthesis Effort                                                                ; Auto               ; Auto               ;
; Shift Register Replacement - Allow Asynchronous Clear Signal                    ; On                 ; On                 ;
; Pre-Mapping Resynthesis Optimization                                            ; Off                ; Off                ;
; Analysis & Synthesis Message Level                                              ; Medium             ; Medium             ;
; Disable Register Merging Across Hierarchies                                     ; Auto               ; Auto               ;
; Resource Aware Inference For Block RAM                                          ; On                 ; On                 ;
; Automatic Parallel Synthesis                                                    ; On                 ; On                 ;
; Partial Reconfiguration Bitstream ID                                            ; Off                ; Off                ;
+---------------------------------------------------------------------------------+--------------------+--------------------+


+------------------------------------------+
; Parallel Compilation                     ;
+----------------------------+-------------+
; Processors                 ; Number      ;
+----------------------------+-------------+
; Number detected on machine ; 8           ;
; Maximum allowed            ; 4           ;
;                            ;             ;
; Average used               ; 1.00        ;
; Maximum used               ; 4           ;
;                            ;             ;
; Usage by Processor         ; % Time Used ;
;     Processor 1            ; 100.0%      ;
;     Processors 2-4         ;   0.0%      ;
+----------------------------+-------------+


+----------------------------------------------------------------------------------------------------------------------------+
; Analysis & Synthesis Source Files Read                                                                                     ;
+----------------------------------+-----------------+------------------------------+------------------------------+---------+
; File Name with User-Entered Path ; Used in Netlist ; File Type                    ; File Name with Absolute Path ; Library ;
+----------------------------------+-----------------+------------------------------+------------------------------+---------+
; clkgen.v                         ; yes             ; User Verilog HDL File        ; D:/my_design/exp9/clkgen.v   ;         ;
; vga_ctrl.v                       ; yes             ; User Verilog HDL File        ; D:/my_design/exp9/vga_ctrl.v ;         ;
; stripe.v                         ; yes             ; User Verilog HDL File        ; D:/my_design/exp9/stripe.v   ;         ;
; exp9.v                           ; yes             ; Auto-Found Verilog HDL File  ; D:/my_design/exp9/exp9.v     ;         ;
+----------------------------------+-----------------+------------------------------+------------------------------+---------+


+--------------------------------------------------------------------------------+
; Analysis & Synthesis Resource Usage Summary                                    ;
+---------------------------------------------+----------------------------------+
; Resource                                    ; Usage                            ;
+---------------------------------------------+----------------------------------+
; Estimate of Logic utilization (ALMs needed) ; 60                               ;
;                                             ;                                  ;
; Combinational ALUT usage for logic          ; 98                               ;
;     -- 7 input functions                    ; 0                                ;
;     -- 6 input functions                    ; 18                               ;
;     -- 5 input functions                    ; 7                                ;
;     -- 4 input functions                    ; 2                                ;
;     -- <=3 input functions                  ; 71                               ;
;                                             ;                                  ;
; Dedicated logic registers                   ; 77                               ;
;                                             ;                                  ;
; I/O pins                                    ; 99                               ;
;                                             ;                                  ;
; Total DSP Blocks                            ; 0                                ;
;                                             ;                                  ;
; Maximum fan-out node                        ; stripe:s|clkgen:my_vgaclk|clkout ;
; Maximum fan-out                             ; 46                               ;
; Total fan-out                               ; 626                              ;
; Average fan-out                             ; 1.68                             ;
+---------------------------------------------+----------------------------------+


+----------------------------------------------------------------------------------------------------------------------------------------------------------------------------------------------------+
; Analysis & Synthesis Resource Utilization by Entity                                                                                                                                                ;
+----------------------------+---------------------+---------------------------+-------------------+------------+------+--------------+---------------------------------+-------------+--------------+
; Compilation Hierarchy Node ; Combinational ALUTs ; Dedicated Logic Registers ; Block Memory Bits ; DSP Blocks ; Pins ; Virtual Pins ; Full Hierarchy Name             ; Entity Name ; Library Name ;
+----------------------------+---------------------+---------------------------+-------------------+------------+------+--------------+---------------------------------+-------------+--------------+
; |exp9                      ; 98 (0)              ; 77 (0)                    ; 0                 ; 0          ; 99   ; 0            ; |exp9                           ; exp9        ; work         ;
;    |stripe:s|              ; 98 (8)              ; 77 (24)                   ; 0                 ; 0          ; 0    ; 0            ; |exp9|stripe:s                  ; stripe      ; work         ;
;       |clkgen:my_vgaclk|   ; 43 (43)             ; 33 (33)                   ; 0                 ; 0          ; 0    ; 0            ; |exp9|stripe:s|clkgen:my_vgaclk ; clkgen      ; work         ;
;       |vga_ctrl:v|         ; 47 (47)             ; 20 (20)                   ; 0                 ; 0          ; 0    ; 0            ; |exp9|stripe:s|vga_ctrl:v       ; vga_ctrl    ; work         ;
+----------------------------+---------------------+---------------------------+-------------------+------------+------+--------------+---------------------------------+-------------+--------------+
Note: For table entries with two numbers listed, the numbers in parentheses indicate the number of resources of the given type used by the specific entity alone. The numbers listed outside of parentheses indicate the total resources of the given type used by the specific entity and all of its sub-entities in the hierarchy.


+------------------------------------------------------+
; General Register Statistics                          ;
+----------------------------------------------+-------+
; Statistic                                    ; Value ;
+----------------------------------------------+-------+
; Total registers                              ; 77    ;
; Number of registers using Synchronous Clear  ; 41    ;
; Number of registers using Synchronous Load   ; 0     ;
; Number of registers using Asynchronous Clear ; 0     ;
; Number of registers using Asynchronous Load  ; 0     ;
; Number of registers using Clock Enable       ; 9     ;
; Number of registers using Preset             ; 0     ;
+----------------------------------------------+-------+


+--------------------------------------------------------------------------------------------------------------------------------------------------+
; Multiplexer Restructuring Statistics (Restructuring Performed)                                                                                   ;
+--------------------+-----------+---------------+----------------------+------------------------+------------+------------------------------------+
; Multiplexer Inputs ; Bus Width ; Baseline Area ; Area if Restructured ; Saving if Restructured ; Registered ; Example Multiplexer Output         ;
+--------------------+-----------+---------------+----------------------+------------------------+------------+------------------------------------+
; 3:1                ; 9 bits    ; 18 LEs        ; 0 LEs                ; 18 LEs                 ; Yes        ; |exp9|stripe:s|vga_ctrl:v|y_cnt[8] ;
+--------------------+-----------+---------------+----------------------+------------------------+------------+------------------------------------+


+------------------------------------------------------------------------+
; Parameter Settings for User Entity Instance: stripe:s|clkgen:my_vgaclk ;
+----------------+----------+--------------------------------------------+
; Parameter Name ; Value    ; Type                                       ;
+----------------+----------+--------------------------------------------+
; clk_freq       ; 25000000 ; Signed Integer                             ;
; countlimit     ; 1        ; Signed Integer                             ;
+----------------+----------+--------------------------------------------+
Note: In order to hide this table in the UI and the text report file, please set the "Show Parameter Settings in Synthesis Report" option in "Analysis and Synthesis Settings -> More Settings" to "Off".


+------------------------------------------------------------------+
; Parameter Settings for User Entity Instance: stripe:s|vga_ctrl:v ;
+----------------+-------+-----------------------------------------+
; Parameter Name ; Value ; Type                                    ;
+----------------+-------+-----------------------------------------+
; h_frontporch   ; 96    ; Signed Integer                          ;
; h_active       ; 144   ; Signed Integer                          ;
; h_backporch    ; 784   ; Signed Integer                          ;
; h_total        ; 800   ; Signed Integer                          ;
; v_frontporch   ; 2     ; Signed Integer                          ;
; v_active       ; 35    ; Signed Integer                          ;
; v_backporch    ; 515   ; Signed Integer                          ;
; v_total        ; 525   ; Signed Integer                          ;
+----------------+-------+-----------------------------------------+
Note: In order to hide this table in the UI and the text report file, please set the "Show Parameter Settings in Synthesis Report" option in "Analysis and Synthesis Settings -> More Settings" to "Off".


+------------------------------------------------------------------------------------------------------------------+
; Port Connectivity Checks: "stripe:s|vga_ctrl:v"                                                                  ;
+--------+--------+----------+-------------------------------------------------------------------------------------+
; Port   ; Type   ; Severity ; Details                                                                             ;
+--------+--------+----------+-------------------------------------------------------------------------------------+
; reset  ; Input  ; Info     ; Stuck at GND                                                                        ;
; v_addr ; Output ; Info     ; Connected to dangling logic. Logic that only feeds a dangling port will be removed. ;
+--------+--------+----------+-------------------------------------------------------------------------------------+


+-------------------------------------------------------+
; Port Connectivity Checks: "stripe:s|clkgen:my_vgaclk" ;
+-------+-------+----------+----------------------------+
; Port  ; Type  ; Severity ; Details                    ;
+-------+-------+----------+----------------------------+
; rst   ; Input ; Info     ; Stuck at GND               ;
; clken ; Input ; Info     ; Stuck at VCC               ;
+-------+-------+----------+----------------------------+


+-----------------------------------------+
; Port Connectivity Checks: "stripe:s"    ;
+-------+-------+----------+--------------+
; Port  ; Type  ; Severity ; Details      ;
+-------+-------+----------+--------------+
; reset ; Input ; Info     ; Stuck at GND ;
; clken ; Input ; Info     ; Stuck at VCC ;
+-------+-------+----------+--------------+


+-----------------------------------------------------+
; Post-Synthesis Netlist Statistics for Top Partition ;
+-----------------------+-----------------------------+
; Type                  ; Count                       ;
+-----------------------+-----------------------------+
; arriav_ff             ; 77                          ;
;     ENA SCLR          ; 9                           ;
;     SCLR              ; 32                          ;
;     plain             ; 36                          ;
; arriav_lcell_comb     ; 99                          ;
;     arith             ; 62                          ;
;         1 data inputs ; 62                          ;
;     normal            ; 37                          ;
;         0 data inputs ; 1                           ;
;         2 data inputs ; 3                           ;
;         3 data inputs ; 6                           ;
;         4 data inputs ; 2                           ;
;         5 data inputs ; 7                           ;
;         6 data inputs ; 18                          ;
; boundary_port         ; 99                          ;
;                       ;                             ;
; Max LUT depth         ; 6.60                        ;
; Average LUT depth     ; 3.67                        ;
+-----------------------+-----------------------------+


+-------------------------------+
; Elapsed Time Per Partition    ;
+----------------+--------------+
; Partition Name ; Elapsed Time ;
+----------------+--------------+
; Top            ; 00:00:01     ;
+----------------+--------------+


+-------------------------------+
; Analysis & Synthesis Messages ;
+-------------------------------+
Info: *******************************************************************
Info: Running Quartus Prime Analysis & Synthesis
    Info: Version 17.1.0 Build 590 10/25/2017 SJ Lite Edition
    Info: Processing started: Tue Nov 17 19:39:12 2020
Info: Command: quartus_map --read_settings_files=on --write_settings_files=off exp9 -c exp9
Warning (18236): Number of processors has not been specified which may cause overloading on shared machines.  Set the global assignment NUM_PARALLEL_PROCESSORS in your QSF to an appropriate value for best performance.
Info (20030): Parallel compilation is enabled and will use 4 of the 4 processors detected
Info (12021): Found 1 design units, including 1 entities, in source file clkgen.v
    Info (12023): Found entity 1: clkgen File: D:/my_design/exp9/clkgen.v Line: 1
Info (12021): Found 1 design units, including 1 entities, in source file vga_ctrl.v
    Info (12023): Found entity 1: vga_ctrl File: D:/my_design/exp9/vga_ctrl.v Line: 1
Info (12021): Found 1 design units, including 1 entities, in source file read_mif.v
    Info (12023): Found entity 1: read_mif File: D:/my_design/exp9/read_mif.v Line: 1
Info (12021): Found 1 design units, including 1 entities, in source file vga_picture.v
    Info (12023): Found entity 1: vga_picture File: D:/my_design/exp9/vga_picture.v Line: 1
Info (12021): Found 1 design units, including 1 entities, in source file read_cat.v
    Info (12023): Found entity 1: read_cat File: D:/my_design/exp9/read_cat.v Line: 1
Info (12021): Found 1 design units, including 1 entities, in source file stripe.v
    Info (12023): Found entity 1: stripe File: D:/my_design/exp9/stripe.v Line: 1
Warning (12125): Using design file exp9.v, which is not specified as a design file for the current project, but contains definitions for 1 design units and 1 entities in project
    Info (12023): Found entity 1: exp9 File: D:/my_design/exp9/exp9.v Line: 6
Info (12127): Elaborating entity "exp9" for the top level hierarchy
Warning (10034): Output port "LEDR" at exp9.v(21) has no driver File: D:/my_design/exp9/exp9.v Line: 21
Warning (10034): Output port "HEX0" at exp9.v(24) has no driver File: D:/my_design/exp9/exp9.v Line: 24
Warning (10034): Output port "HEX1" at exp9.v(25) has no driver File: D:/my_design/exp9/exp9.v Line: 25
Warning (10034): Output port "HEX2" at exp9.v(26) has no driver File: D:/my_design/exp9/exp9.v Line: 26
Warning (10034): Output port "HEX3" at exp9.v(27) has no driver File: D:/my_design/exp9/exp9.v Line: 27
Warning (10034): Output port "HEX4" at exp9.v(28) has no driver File: D:/my_design/exp9/exp9.v Line: 28
Warning (10034): Output port "HEX5" at exp9.v(29) has no driver File: D:/my_design/exp9/exp9.v Line: 29
Warning (10034): Output port "VGA_SYNC_N" at exp9.v(38) has no driver File: D:/my_design/exp9/exp9.v Line: 38
Info (12128): Elaborating entity "stripe" for hierarchy "stripe:s" File: D:/my_design/exp9/exp9.v Line: 48
Info (12128): Elaborating entity "clkgen" for hierarchy "stripe:s|clkgen:my_vgaclk" File: D:/my_design/exp9/stripe.v Line: 21
Info (12128): Elaborating entity "vga_ctrl" for hierarchy "stripe:s|vga_ctrl:v" File: D:/my_design/exp9/stripe.v Line: 22
Warning (13024): Output pins are stuck at VCC or GND
    Warning (13410): Pin "LEDR[0]" is stuck at GND File: D:/my_design/exp9/exp9.v Line: 21
    Warning (13410): Pin "LEDR[1]" is stuck at GND File: D:/my_design/exp9/exp9.v Line: 21
    Warning (13410): Pin "LEDR[2]" is stuck at GND File: D:/my_design/exp9/exp9.v Line: 21
    Warning (13410): Pin "LEDR[3]" is stuck at GND File: D:/my_design/exp9/exp9.v Line: 21
    Warning (13410): Pin "LEDR[4]" is stuck at GND File: D:/my_design/exp9/exp9.v Line: 21
    Warning (13410): Pin "LEDR[5]" is stuck at GND File: D:/my_design/exp9/exp9.v Line: 21
    Warning (13410): Pin "LEDR[6]" is stuck at GND File: D:/my_design/exp9/exp9.v Line: 21
    Warning (13410): Pin "LEDR[7]" is stuck at GND File: D:/my_design/exp9/exp9.v Line: 21
    Warning (13410): Pin "LEDR[8]" is stuck at GND File: D:/my_design/exp9/exp9.v Line: 21
    Warning (13410): Pin "LEDR[9]" is stuck at GND File: D:/my_design/exp9/exp9.v Line: 21
    Warning (13410): Pin "HEX0[0]" is stuck at GND File: D:/my_design/exp9/exp9.v Line: 24
    Warning (13410): Pin "HEX0[1]" is stuck at GND File: D:/my_design/exp9/exp9.v Line: 24
    Warning (13410): Pin "HEX0[2]" is stuck at GND File: D:/my_design/exp9/exp9.v Line: 24
    Warning (13410): Pin "HEX0[3]" is stuck at GND File: D:/my_design/exp9/exp9.v Line: 24
    Warning (13410): Pin "HEX0[4]" is stuck at GND File: D:/my_design/exp9/exp9.v Line: 24
    Warning (13410): Pin "HEX0[5]" is stuck at GND File: D:/my_design/exp9/exp9.v Line: 24
    Warning (13410): Pin "HEX0[6]" is stuck at GND File: D:/my_design/exp9/exp9.v Line: 24
    Warning (13410): Pin "HEX1[0]" is stuck at GND File: D:/my_design/exp9/exp9.v Line: 25
    Warning (13410): Pin "HEX1[1]" is stuck at GND File: D:/my_design/exp9/exp9.v Line: 25
    Warning (13410): Pin "HEX1[2]" is stuck at GND File: D:/my_design/exp9/exp9.v Line: 25
    Warning (13410): Pin "HEX1[3]" is stuck at GND File: D:/my_design/exp9/exp9.v Line: 25
    Warning (13410): Pin "HEX1[4]" is stuck at GND File: D:/my_design/exp9/exp9.v Line: 25
    Warning (13410): Pin "HEX1[5]" is stuck at GND File: D:/my_design/exp9/exp9.v Line: 25
    Warning (13410): Pin "HEX1[6]" is stuck at GND File: D:/my_design/exp9/exp9.v Line: 25
    Warning (13410): Pin "HEX2[0]" is stuck at GND File: D:/my_design/exp9/exp9.v Line: 26
    Warning (13410): Pin "HEX2[1]" is stuck at GND File: D:/my_design/exp9/exp9.v Line: 26
    Warning (13410): Pin "HEX2[2]" is stuck at GND File: D:/my_design/exp9/exp9.v Line: 26
    Warning (13410): Pin "HEX2[3]" is stuck at GND File: D:/my_design/exp9/exp9.v Line: 26
    Warning (13410): Pin "HEX2[4]" is stuck at GND File: D:/my_design/exp9/exp9.v Line: 26
    Warning (13410): Pin "HEX2[5]" is stuck at GND File: D:/my_design/exp9/exp9.v Line: 26
    Warning (13410): Pin "HEX2[6]" is stuck at GND File: D:/my_design/exp9/exp9.v Line: 26
    Warning (13410): Pin "HEX3[0]" is stuck at GND File: D:/my_design/exp9/exp9.v Line: 27
    Warning (13410): Pin "HEX3[1]" is stuck at GND File: D:/my_design/exp9/exp9.v Line: 27
    Warning (13410): Pin "HEX3[2]" is stuck at GND File: D:/my_design/exp9/exp9.v Line: 27
    Warning (13410): Pin "HEX3[3]" is stuck at GND File: D:/my_design/exp9/exp9.v Line: 27
    Warning (13410): Pin "HEX3[4]" is stuck at GND File: D:/my_design/exp9/exp9.v Line: 27
    Warning (13410): Pin "HEX3[5]" is stuck at GND File: D:/my_design/exp9/exp9.v Line: 27
    Warning (13410): Pin "HEX3[6]" is stuck at GND File: D:/my_design/exp9/exp9.v Line: 27
    Warning (13410): Pin "HEX4[0]" is stuck at GND File: D:/my_design/exp9/exp9.v Line: 28
    Warning (13410): Pin "HEX4[1]" is stuck at GND File: D:/my_design/exp9/exp9.v Line: 28
    Warning (13410): Pin "HEX4[2]" is stuck at GND File: D:/my_design/exp9/exp9.v Line: 28
    Warning (13410): Pin "HEX4[3]" is stuck at GND File: D:/my_design/exp9/exp9.v Line: 28
    Warning (13410): Pin "HEX4[4]" is stuck at GND File: D:/my_design/exp9/exp9.v Line: 28
    Warning (13410): Pin "HEX4[5]" is stuck at GND File: D:/my_design/exp9/exp9.v Line: 28
    Warning (13410): Pin "HEX4[6]" is stuck at GND File: D:/my_design/exp9/exp9.v Line: 28
    Warning (13410): Pin "HEX5[0]" is stuck at GND File: D:/my_design/exp9/exp9.v Line: 29
    Warning (13410): Pin "HEX5[1]" is stuck at GND File: D:/my_design/exp9/exp9.v Line: 29
    Warning (13410): Pin "HEX5[2]" is stuck at GND File: D:/my_design/exp9/exp9.v Line: 29
    Warning (13410): Pin "HEX5[3]" is stuck at GND File: D:/my_design/exp9/exp9.v Line: 29
    Warning (13410): Pin "HEX5[4]" is stuck at GND File: D:/my_design/exp9/exp9.v Line: 29
    Warning (13410): Pin "HEX5[5]" is stuck at GND File: D:/my_design/exp9/exp9.v Line: 29
    Warning (13410): Pin "HEX5[6]" is stuck at GND File: D:/my_design/exp9/exp9.v Line: 29
    Warning (13410): Pin "VGA_SYNC_N" is stuck at GND File: D:/my_design/exp9/exp9.v Line: 38
Info (286030): Timing-Driven Synthesis is running
Info (16010): Generating hard_block partition "hard_block:auto_generated_inst"
    Info (16011): Adding 0 node(s), including 0 DDIO, 0 PLL, 0 transceiver and 0 LCELL
Warning (21074): Design contains 17 input pin(s) that do not drive logic
    Warning (15610): No output dependent on input pin "CLOCK2_50" File: D:/my_design/exp9/exp9.v Line: 9
    Warning (15610): No output dependent on input pin "CLOCK3_50" File: D:/my_design/exp9/exp9.v Line: 10
    Warning (15610): No output dependent on input pin "CLOCK4_50" File: D:/my_design/exp9/exp9.v Line: 11
    Warning (15610): No output dependent on input pin "KEY[0]" File: D:/my_design/exp9/exp9.v Line: 15
    Warning (15610): No output dependent on input pin "KEY[1]" File: D:/my_design/exp9/exp9.v Line: 15
    Warning (15610): No output dependent on input pin "KEY[2]" File: D:/my_design/exp9/exp9.v Line: 15
    Warning (15610): No output dependent on input pin "KEY[3]" File: D:/my_design/exp9/exp9.v Line: 15
    Warning (15610): No output dependent on input pin "SW[0]" File: D:/my_design/exp9/exp9.v Line: 18
    Warning (15610): No output dependent on input pin "SW[1]" File: D:/my_design/exp9/exp9.v Line: 18
    Warning (15610): No output dependent on input pin "SW[2]" File: D:/my_design/exp9/exp9.v Line: 18
    Warning (15610): No output dependent on input pin "SW[3]" File: D:/my_design/exp9/exp9.v Line: 18
    Warning (15610): No output dependent on input pin "SW[4]" File: D:/my_design/exp9/exp9.v Line: 18
    Warning (15610): No output dependent on input pin "SW[5]" File: D:/my_design/exp9/exp9.v Line: 18
    Warning (15610): No output dependent on input pin "SW[6]" File: D:/my_design/exp9/exp9.v Line: 18
    Warning (15610): No output dependent on input pin "SW[7]" File: D:/my_design/exp9/exp9.v Line: 18
    Warning (15610): No output dependent on input pin "SW[8]" File: D:/my_design/exp9/exp9.v Line: 18
    Warning (15610): No output dependent on input pin "SW[9]" File: D:/my_design/exp9/exp9.v Line: 18
Info (21057): Implemented 253 device resources after synthesis - the final resource count might be different
    Info (21058): Implemented 18 input pins
    Info (21059): Implemented 81 output pins
    Info (21061): Implemented 154 logic cells
Info: Quartus Prime Analysis & Synthesis was successful. 0 errors, 82 warnings
    Info: Peak virtual memory: 4830 megabytes
    Info: Processing ended: Tue Nov 17 19:39:38 2020
    Info: Elapsed time: 00:00:26
    Info: Total CPU time (on all processors): 00:00:52


